<?xml version="1.0" encoding="UTF-8"?>
<!-- Generated by org.testng.reporters.JUnitXMLReporter -->
<testsuite ignored="2" hostname="Roushans-MacBook-Air.local" failures="0" tests="5" name="Command line test" time="15.298" errors="0" timestamp="2022-06-28T03:29:57 IST">
  <testcase classname="com.routech.automation.test.googlePages.GoogleTest" name="openGoogleMainPage" time="1.918"/>
  <testcase classname="com.routech.automation.test.googlePages.GoogleTest" name="clickGmailIcon" time="1.996"/>
  <testcase classname="com.routech.automation.test.googlePages.GoogleTest" name="clickOnSignInBtn" time="1.744"/>
  <testcase classname="com.routech.automation.test.googlePages.GoogleTest" name="enterUsername" time="0.473"/>
  <testcase classname="com.routech.automation.test.googlePages.GoogleTest" name="clickNextAfterEnteringUsername" time="0.09"/>
  <testcase classname="com.routech.automation.test.BaseTest" name="@AfterTest quitDriver" time="0.0">
    <ignored/>
  </testcase> <!-- @AfterTest quitDriver -->
  <testcase classname="com.routech.automation.test.BaseTest" name="@BeforeTest setUpDriver" time="0.0">
    <ignored/>
  </testcase> <!-- @BeforeTest setUpDriver -->
</testsuite> <!-- Command line test -->
