<?xml version="1.0" encoding="UTF-8" ?>
<testsuite tests="5" failures="0" name="TestSuite" time="6.246" errors="0" skipped="0">
  <properties>
[...]
</properties>
  <testcase classname="com.routech.automation.test.googlePages.GoogleTest" name="openGoogleMainPage" time="1.922"/>
  <testcase classname="com.routech.automation.test.googlePages.GoogleTest" name="clickGmailIcon" time="2.018"/>
  <testcase classname="com.routech.automation.test.googlePages.GoogleTest" name="clickOnSignInBtn" time="1.743"/>
  <testcase classname="com.routech.automation.test.googlePages.GoogleTest" name="enterUsername" time="0.473"/>
  <testcase classname="com.routech.automation.test.googlePages.GoogleTest" name="clickNextAfterEnteringUsername" time="0.09"/>
</testsuite>