<?xml version="1.0" encoding="UTF-8"?>
<testng-results ignored="2" total="7" passed="5" failed="0" skipped="0">
  <reporter-output>
  </reporter-output>
  <suite started-at="2022-06-28T03:29:42 IST" name="Command line suite" finished-at="2022-06-28T03:29:57 IST" duration-ms="15298">
    <groups>
      <group name="a:Roushan Giri">
        <method signature="GoogleTest.openGoogleMainPage()[pri:1, instance:com.routech.automation.test.googlePages.GoogleTest@4f9a3314]" name="openGoogleMainPage" class="com.routech.automation.test.googlePages.GoogleTest"/>
        <method signature="GoogleTest.clickGmailIcon()[pri:2, instance:com.routech.automation.test.googlePages.GoogleTest@4f9a3314]" name="clickGmailIcon" class="com.routech.automation.test.googlePages.GoogleTest"/>
        <method signature="GoogleTest.clickOnSignInBtn()[pri:3, instance:com.routech.automation.test.googlePages.GoogleTest@4f9a3314]" name="clickOnSignInBtn" class="com.routech.automation.test.googlePages.GoogleTest"/>
        <method signature="GoogleTest.enterUsername()[pri:4, instance:com.routech.automation.test.googlePages.GoogleTest@4f9a3314]" name="enterUsername" class="com.routech.automation.test.googlePages.GoogleTest"/>
        <method signature="GoogleTest.clickNextAfterEnteringUsername()[pri:5, instance:com.routech.automation.test.googlePages.GoogleTest@4f9a3314]" name="clickNextAfterEnteringUsername" class="com.routech.automation.test.googlePages.GoogleTest"/>
      </group> <!-- a:Roushan Giri -->
      <group name="Gmail">
        <method signature="GoogleTest.openGoogleMainPage()[pri:1, instance:com.routech.automation.test.googlePages.GoogleTest@4f9a3314]" name="openGoogleMainPage" class="com.routech.automation.test.googlePages.GoogleTest"/>
        <method signature="GoogleTest.clickGmailIcon()[pri:2, instance:com.routech.automation.test.googlePages.GoogleTest@4f9a3314]" name="clickGmailIcon" class="com.routech.automation.test.googlePages.GoogleTest"/>
        <method signature="GoogleTest.clickOnSignInBtn()[pri:3, instance:com.routech.automation.test.googlePages.GoogleTest@4f9a3314]" name="clickOnSignInBtn" class="com.routech.automation.test.googlePages.GoogleTest"/>
        <method signature="GoogleTest.enterUsername()[pri:4, instance:com.routech.automation.test.googlePages.GoogleTest@4f9a3314]" name="enterUsername" class="com.routech.automation.test.googlePages.GoogleTest"/>
        <method signature="GoogleTest.clickNextAfterEnteringUsername()[pri:5, instance:com.routech.automation.test.googlePages.GoogleTest@4f9a3314]" name="clickNextAfterEnteringUsername" class="com.routech.automation.test.googlePages.GoogleTest"/>
      </group> <!-- Gmail -->
    </groups>
    <test started-at="2022-06-28T03:29:42 IST" name="Command line test" finished-at="2022-06-28T03:29:57 IST" duration-ms="15298">
      <class name="com.routech.automation.test.googlePages.GoogleTest">
        <test-method is-config="true" signature="setupPages()[pri:0, instance:com.routech.automation.test.googlePages.GoogleTest@4f9a3314]" started-at="2022-06-28T03:29:46 IST" name="setupPages" finished-at="2022-06-28T03:29:46 IST" depends-on-methods="com.routech.automation.test.BaseTest.setUpDriver" duration-ms="23" status="PASS">
          <reporter-output>
          </reporter-output>
        </test-method> <!-- setupPages -->
        <test-method signature="openGoogleMainPage()[pri:1, instance:com.routech.automation.test.googlePages.GoogleTest@4f9a3314]" started-at="2022-06-28T03:29:46 IST" name="openGoogleMainPage" finished-at="2022-06-28T03:29:48 IST" duration-ms="1918" status="PASS">
          <reporter-output>
          </reporter-output>
        </test-method> <!-- openGoogleMainPage -->
        <test-method signature="clickGmailIcon()[pri:2, instance:com.routech.automation.test.googlePages.GoogleTest@4f9a3314]" started-at="2022-06-28T03:29:49 IST" name="clickGmailIcon" finished-at="2022-06-28T03:29:51 IST" duration-ms="1996" status="PASS">
          <reporter-output>
          </reporter-output>
        </test-method> <!-- clickGmailIcon -->
        <test-method signature="clickOnSignInBtn()[pri:3, instance:com.routech.automation.test.googlePages.GoogleTest@4f9a3314]" started-at="2022-06-28T03:29:51 IST" name="clickOnSignInBtn" finished-at="2022-06-28T03:29:53 IST" duration-ms="1744" status="PASS">
          <reporter-output>
          </reporter-output>
        </test-method> <!-- clickOnSignInBtn -->
        <test-method signature="enterUsername()[pri:4, instance:com.routech.automation.test.googlePages.GoogleTest@4f9a3314]" started-at="2022-06-28T03:29:53 IST" name="enterUsername" finished-at="2022-06-28T03:29:53 IST" duration-ms="473" status="PASS">
          <reporter-output>
          </reporter-output>
        </test-method> <!-- enterUsername -->
        <test-method signature="clickNextAfterEnteringUsername()[pri:5, instance:com.routech.automation.test.googlePages.GoogleTest@4f9a3314]" started-at="2022-06-28T03:29:54 IST" name="clickNextAfterEnteringUsername" finished-at="2022-06-28T03:29:54 IST" duration-ms="90" status="PASS">
          <reporter-output>
          </reporter-output>
        </test-method> <!-- clickNextAfterEnteringUsername -->
      </class> <!-- com.routech.automation.test.googlePages.GoogleTest -->
      <class name="com.routech.automation.test.BaseTest">
        <test-method is-config="true" signature="setUpDriver()[pri:0, instance:com.routech.automation.test.BaseTest@23a5fd2]" started-at="2022-06-28T03:29:42 IST" name="setUpDriver" finished-at="2022-06-28T03:29:46 IST" duration-ms="4203" status="PASS">
          <reporter-output>
          </reporter-output>
        </test-method> <!-- setUpDriver -->
        <test-method is-config="true" signature="quitDriver()[pri:0, instance:com.routech.automation.test.BaseTest@23a5fd2]" started-at="2022-06-28T03:29:54 IST" name="quitDriver" finished-at="2022-06-28T03:29:57 IST" duration-ms="3119" status="PASS">
          <reporter-output>
          </reporter-output>
        </test-method> <!-- quitDriver -->
      </class> <!-- com.routech.automation.test.BaseTest -->
    </test> <!-- Command line test -->
  </suite> <!-- Command line suite -->
</testng-results>
